<?xml version="1.0" encoding="UTF-8"?>
<!-- Generated by org.testng.reporters.JUnitReportReporter -->
<testsuite skipped="0" hostname="LAPTOP-GG03COHD" name="testPackage.LoginTest" tests="3" failures="0" timestamp="2020-04-19T01:20:33 EDT" time="53.250" errors="0">
  <testcase name="loginPageValidation" time="18.104" classname="testPackage.LoginTest"/>
  <testcase name="logoValidation" time="16.257" classname="testPackage.LoginTest"/>
  <testcase name="loginTest" time="18.889" classname="testPackage.LoginTest"/>
</testsuite> <!-- testPackage.LoginTest -->
